<?xml version="1.0" encoding="UTF-8"?>
<testsuite xmlns:xsi="http://www.w3.org/2001/XMLSchema-instance" xsi:noNamespaceSchemaLocation="https://maven.apache.org/surefire/maven-surefire-plugin/xsd/surefire-test-report.xsd" name="com.test.testrepo.DemoApplicationTests" time="2.054" tests="1" errors="0" skipped="0" failures="0">
  <properties>
    <property name="java.specification.version" value="13"/>
    <property name="sun.jnu.encoding" value="UTF-8"/>
    <property name="java.class.path" value="/Users/songt/Desktop/dockerTrial/testrepo/target/test-classes:/Users/songt/Desktop/dockerTrial/testrepo/target/classes:/Users/songt/DKMS/Box/Maven/org/springframework/boot/spring-boot-starter-web/2.2.5.RELEASE/spring-boot-starter-web-2.2.5.RELEASE.jar:/Users/songt/DKMS/Box/Maven/org/springframework/boot/spring-boot-starter/2.2.5.RELEASE/spring-boot-starter-2.2.5.RELEASE.jar:/Users/songt/DKMS/Box/Maven/org/springframework/boot/spring-boot/2.2.5.RELEASE/spring-boot-2.2.5.RELEASE.jar:/Users/songt/DKMS/Box/Maven/org/springframework/boot/spring-boot-autoconfigure/2.2.5.RELEASE/spring-boot-autoconfigure-2.2.5.RELEASE.jar:/Users/songt/DKMS/Box/Maven/org/springframework/boot/spring-boot-starter-logging/2.2.5.RELEASE/spring-boot-starter-logging-2.2.5.RELEASE.jar:/Users/songt/DKMS/Box/Maven/ch/qos/logback/logback-classic/1.2.3/logback-classic-1.2.3.jar:/Users/songt/DKMS/Box/Maven/ch/qos/logback/logback-core/1.2.3/logback-core-1.2.3.jar:/Users/songt/DKMS/Box/Maven/org/apache/logging/log4j/log4j-to-slf4j/2.12.1/log4j-to-slf4j-2.12.1.jar:/Users/songt/DKMS/Box/Maven/org/apache/logging/log4j/log4j-api/2.12.1/log4j-api-2.12.1.jar:/Users/songt/DKMS/Box/Maven/org/slf4j/jul-to-slf4j/1.7.30/jul-to-slf4j-1.7.30.jar:/Users/songt/DKMS/Box/Maven/jakarta/annotation/jakarta.annotation-api/1.3.5/jakarta.annotation-api-1.3.5.jar:/Users/songt/DKMS/Box/Maven/org/yaml/snakeyaml/1.25/snakeyaml-1.25.jar:/Users/songt/DKMS/Box/Maven/org/springframework/boot/spring-boot-starter-json/2.2.5.RELEASE/spring-boot-starter-json-2.2.5.RELEASE.jar:/Users/songt/DKMS/Box/Maven/com/fasterxml/jackson/core/jackson-databind/2.10.2/jackson-databind-2.10.2.jar:/Users/songt/DKMS/Box/Maven/com/fasterxml/jackson/core/jackson-annotations/2.10.2/jackson-annotations-2.10.2.jar:/Users/songt/DKMS/Box/Maven/com/fasterxml/jackson/core/jackson-core/2.10.2/jackson-core-2.10.2.jar:/Users/songt/DKMS/Box/Maven/com/fasterxml/jackson/datatype/jackson-datatype-jdk8/2.10.2/jackson-datatype-jdk8-2.10.2.jar:/Users/songt/DKMS/Box/Maven/com/fasterxml/jackson/datatype/jackson-datatype-jsr310/2.10.2/jackson-datatype-jsr310-2.10.2.jar:/Users/songt/DKMS/Box/Maven/com/fasterxml/jackson/module/jackson-module-parameter-names/2.10.2/jackson-module-parameter-names-2.10.2.jar:/Users/songt/DKMS/Box/Maven/org/springframework/boot/spring-boot-starter-tomcat/2.2.5.RELEASE/spring-boot-starter-tomcat-2.2.5.RELEASE.jar:/Users/songt/DKMS/Box/Maven/org/apache/tomcat/embed/tomcat-embed-core/9.0.31/tomcat-embed-core-9.0.31.jar:/Users/songt/DKMS/Box/Maven/org/apache/tomcat/embed/tomcat-embed-el/9.0.31/tomcat-embed-el-9.0.31.jar:/Users/songt/DKMS/Box/Maven/org/apache/tomcat/embed/tomcat-embed-websocket/9.0.31/tomcat-embed-websocket-9.0.31.jar:/Users/songt/DKMS/Box/Maven/org/springframework/boot/spring-boot-starter-validation/2.2.5.RELEASE/spring-boot-starter-validation-2.2.5.RELEASE.jar:/Users/songt/DKMS/Box/Maven/jakarta/validation/jakarta.validation-api/2.0.2/jakarta.validation-api-2.0.2.jar:/Users/songt/DKMS/Box/Maven/org/hibernate/validator/hibernate-validator/6.0.18.Final/hibernate-validator-6.0.18.Final.jar:/Users/songt/DKMS/Box/Maven/org/jboss/logging/jboss-logging/3.4.1.Final/jboss-logging-3.4.1.Final.jar:/Users/songt/DKMS/Box/Maven/com/fasterxml/classmate/1.5.1/classmate-1.5.1.jar:/Users/songt/DKMS/Box/Maven/org/springframework/spring-web/5.2.4.RELEASE/spring-web-5.2.4.RELEASE.jar:/Users/songt/DKMS/Box/Maven/org/springframework/spring-beans/5.2.4.RELEASE/spring-beans-5.2.4.RELEASE.jar:/Users/songt/DKMS/Box/Maven/org/springframework/spring-webmvc/5.2.4.RELEASE/spring-webmvc-5.2.4.RELEASE.jar:/Users/songt/DKMS/Box/Maven/org/springframework/spring-aop/5.2.4.RELEASE/spring-aop-5.2.4.RELEASE.jar:/Users/songt/DKMS/Box/Maven/org/springframework/spring-context/5.2.4.RELEASE/spring-context-5.2.4.RELEASE.jar:/Users/songt/DKMS/Box/Maven/org/springframework/spring-expression/5.2.4.RELEASE/spring-expression-5.2.4.RELEASE.jar:/Users/songt/DKMS/Box/Maven/org/springframework/boot/spring-boot-starter-test/2.2.5.RELEASE/spring-boot-starter-test-2.2.5.RELEASE.jar:/Users/songt/DKMS/Box/Maven/org/springframework/boot/spring-boot-test/2.2.5.RELEASE/spring-boot-test-2.2.5.RELEASE.jar:/Users/songt/DKMS/Box/Maven/org/springframework/boot/spring-boot-test-autoconfigure/2.2.5.RELEASE/spring-boot-test-autoconfigure-2.2.5.RELEASE.jar:/Users/songt/DKMS/Box/Maven/com/jayway/jsonpath/json-path/2.4.0/json-path-2.4.0.jar:/Users/songt/DKMS/Box/Maven/net/minidev/json-smart/2.3/json-smart-2.3.jar:/Users/songt/DKMS/Box/Maven/net/minidev/accessors-smart/1.2/accessors-smart-1.2.jar:/Users/songt/DKMS/Box/Maven/org/ow2/asm/asm/5.0.4/asm-5.0.4.jar:/Users/songt/DKMS/Box/Maven/org/slf4j/slf4j-api/1.7.30/slf4j-api-1.7.30.jar:/Users/songt/DKMS/Box/Maven/jakarta/xml/bind/jakarta.xml.bind-api/2.3.2/jakarta.xml.bind-api-2.3.2.jar:/Users/songt/DKMS/Box/Maven/jakarta/activation/jakarta.activation-api/1.2.2/jakarta.activation-api-1.2.2.jar:/Users/songt/DKMS/Box/Maven/org/junit/jupiter/junit-jupiter/5.5.2/junit-jupiter-5.5.2.jar:/Users/songt/DKMS/Box/Maven/org/junit/jupiter/junit-jupiter-api/5.5.2/junit-jupiter-api-5.5.2.jar:/Users/songt/DKMS/Box/Maven/org/apiguardian/apiguardian-api/1.1.0/apiguardian-api-1.1.0.jar:/Users/songt/DKMS/Box/Maven/org/opentest4j/opentest4j/1.2.0/opentest4j-1.2.0.jar:/Users/songt/DKMS/Box/Maven/org/junit/platform/junit-platform-commons/1.5.2/junit-platform-commons-1.5.2.jar:/Users/songt/DKMS/Box/Maven/org/junit/jupiter/junit-jupiter-params/5.5.2/junit-jupiter-params-5.5.2.jar:/Users/songt/DKMS/Box/Maven/org/junit/jupiter/junit-jupiter-engine/5.5.2/junit-jupiter-engine-5.5.2.jar:/Users/songt/DKMS/Box/Maven/org/junit/platform/junit-platform-engine/1.5.2/junit-platform-engine-1.5.2.jar:/Users/songt/DKMS/Box/Maven/org/mockito/mockito-junit-jupiter/3.1.0/mockito-junit-jupiter-3.1.0.jar:/Users/songt/DKMS/Box/Maven/org/assertj/assertj-core/3.13.2/assertj-core-3.13.2.jar:/Users/songt/DKMS/Box/Maven/org/hamcrest/hamcrest/2.1/hamcrest-2.1.jar:/Users/songt/DKMS/Box/Maven/org/mockito/mockito-core/3.1.0/mockito-core-3.1.0.jar:/Users/songt/DKMS/Box/Maven/net/bytebuddy/byte-buddy/1.10.8/byte-buddy-1.10.8.jar:/Users/songt/DKMS/Box/Maven/net/bytebuddy/byte-buddy-agent/1.10.8/byte-buddy-agent-1.10.8.jar:/Users/songt/DKMS/Box/Maven/org/objenesis/objenesis/2.6/objenesis-2.6.jar:/Users/songt/DKMS/Box/Maven/org/skyscreamer/jsonassert/1.5.0/jsonassert-1.5.0.jar:/Users/songt/DKMS/Box/Maven/com/vaadin/external/google/android-json/0.0.20131108.vaadin1/android-json-0.0.20131108.vaadin1.jar:/Users/songt/DKMS/Box/Maven/org/springframework/spring-core/5.2.4.RELEASE/spring-core-5.2.4.RELEASE.jar:/Users/songt/DKMS/Box/Maven/org/springframework/spring-jcl/5.2.4.RELEASE/spring-jcl-5.2.4.RELEASE.jar:/Users/songt/DKMS/Box/Maven/org/springframework/spring-test/5.2.4.RELEASE/spring-test-5.2.4.RELEASE.jar:/Users/songt/DKMS/Box/Maven/org/xmlunit/xmlunit-core/2.6.3/xmlunit-core-2.6.3.jar:"/>
    <property name="java.vm.vendor" value="Oracle Corporation"/>
    <property name="sun.arch.data.model" value="64"/>
    <property name="java.vendor.url" value="https://java.oracle.com/"/>
    <property name="os.name" value="Mac OS X"/>
    <property name="java.vm.specification.version" value="13"/>
    <property name="sun.java.launcher" value="SUN_STANDARD"/>
    <property name="user.country" value="AU"/>
    <property name="sun.boot.library.path" value="/Users/songt/DKMS/Java/jdk-13.0.1.jdk/Contents/Home/lib"/>
    <property name="sun.java.command" value="/Users/songt/Desktop/dockerTrial/testrepo/target/surefire/surefirebooter6121840372553491202.jar /Users/songt/Desktop/dockerTrial/testrepo/target/surefire 2020-03-18T14-51-51_780-jvmRun1 surefire6870793666508537805tmp surefire_012800646275000694257tmp"/>
    <property name="http.nonProxyHosts" value="local|*.local|169.254/16|*.169.254/16|global.anz.com|*.global.anz.com|service.anz|*.service.anz|service.dev|*.service.dev|apps.anz|*.apps.anz|dev.anz|*.dev.anz|globaltest.anz.com|*.globaltest.anz.com|service.test|*.service.test"/>
    <property name="jdk.debug" value="release"/>
    <property name="surefire.test.class.path" value="/Users/songt/Desktop/dockerTrial/testrepo/target/test-classes:/Users/songt/Desktop/dockerTrial/testrepo/target/classes:/Users/songt/DKMS/Box/Maven/org/springframework/boot/spring-boot-starter-web/2.2.5.RELEASE/spring-boot-starter-web-2.2.5.RELEASE.jar:/Users/songt/DKMS/Box/Maven/org/springframework/boot/spring-boot-starter/2.2.5.RELEASE/spring-boot-starter-2.2.5.RELEASE.jar:/Users/songt/DKMS/Box/Maven/org/springframework/boot/spring-boot/2.2.5.RELEASE/spring-boot-2.2.5.RELEASE.jar:/Users/songt/DKMS/Box/Maven/org/springframework/boot/spring-boot-autoconfigure/2.2.5.RELEASE/spring-boot-autoconfigure-2.2.5.RELEASE.jar:/Users/songt/DKMS/Box/Maven/org/springframework/boot/spring-boot-starter-logging/2.2.5.RELEASE/spring-boot-starter-logging-2.2.5.RELEASE.jar:/Users/songt/DKMS/Box/Maven/ch/qos/logback/logback-classic/1.2.3/logback-classic-1.2.3.jar:/Users/songt/DKMS/Box/Maven/ch/qos/logback/logback-core/1.2.3/logback-core-1.2.3.jar:/Users/songt/DKMS/Box/Maven/org/apache/logging/log4j/log4j-to-slf4j/2.12.1/log4j-to-slf4j-2.12.1.jar:/Users/songt/DKMS/Box/Maven/org/apache/logging/log4j/log4j-api/2.12.1/log4j-api-2.12.1.jar:/Users/songt/DKMS/Box/Maven/org/slf4j/jul-to-slf4j/1.7.30/jul-to-slf4j-1.7.30.jar:/Users/songt/DKMS/Box/Maven/jakarta/annotation/jakarta.annotation-api/1.3.5/jakarta.annotation-api-1.3.5.jar:/Users/songt/DKMS/Box/Maven/org/yaml/snakeyaml/1.25/snakeyaml-1.25.jar:/Users/songt/DKMS/Box/Maven/org/springframework/boot/spring-boot-starter-json/2.2.5.RELEASE/spring-boot-starter-json-2.2.5.RELEASE.jar:/Users/songt/DKMS/Box/Maven/com/fasterxml/jackson/core/jackson-databind/2.10.2/jackson-databind-2.10.2.jar:/Users/songt/DKMS/Box/Maven/com/fasterxml/jackson/core/jackson-annotations/2.10.2/jackson-annotations-2.10.2.jar:/Users/songt/DKMS/Box/Maven/com/fasterxml/jackson/core/jackson-core/2.10.2/jackson-core-2.10.2.jar:/Users/songt/DKMS/Box/Maven/com/fasterxml/jackson/datatype/jackson-datatype-jdk8/2.10.2/jackson-datatype-jdk8-2.10.2.jar:/Users/songt/DKMS/Box/Maven/com/fasterxml/jackson/datatype/jackson-datatype-jsr310/2.10.2/jackson-datatype-jsr310-2.10.2.jar:/Users/songt/DKMS/Box/Maven/com/fasterxml/jackson/module/jackson-module-parameter-names/2.10.2/jackson-module-parameter-names-2.10.2.jar:/Users/songt/DKMS/Box/Maven/org/springframework/boot/spring-boot-starter-tomcat/2.2.5.RELEASE/spring-boot-starter-tomcat-2.2.5.RELEASE.jar:/Users/songt/DKMS/Box/Maven/org/apache/tomcat/embed/tomcat-embed-core/9.0.31/tomcat-embed-core-9.0.31.jar:/Users/songt/DKMS/Box/Maven/org/apache/tomcat/embed/tomcat-embed-el/9.0.31/tomcat-embed-el-9.0.31.jar:/Users/songt/DKMS/Box/Maven/org/apache/tomcat/embed/tomcat-embed-websocket/9.0.31/tomcat-embed-websocket-9.0.31.jar:/Users/songt/DKMS/Box/Maven/org/springframework/boot/spring-boot-starter-validation/2.2.5.RELEASE/spring-boot-starter-validation-2.2.5.RELEASE.jar:/Users/songt/DKMS/Box/Maven/jakarta/validation/jakarta.validation-api/2.0.2/jakarta.validation-api-2.0.2.jar:/Users/songt/DKMS/Box/Maven/org/hibernate/validator/hibernate-validator/6.0.18.Final/hibernate-validator-6.0.18.Final.jar:/Users/songt/DKMS/Box/Maven/org/jboss/logging/jboss-logging/3.4.1.Final/jboss-logging-3.4.1.Final.jar:/Users/songt/DKMS/Box/Maven/com/fasterxml/classmate/1.5.1/classmate-1.5.1.jar:/Users/songt/DKMS/Box/Maven/org/springframework/spring-web/5.2.4.RELEASE/spring-web-5.2.4.RELEASE.jar:/Users/songt/DKMS/Box/Maven/org/springframework/spring-beans/5.2.4.RELEASE/spring-beans-5.2.4.RELEASE.jar:/Users/songt/DKMS/Box/Maven/org/springframework/spring-webmvc/5.2.4.RELEASE/spring-webmvc-5.2.4.RELEASE.jar:/Users/songt/DKMS/Box/Maven/org/springframework/spring-aop/5.2.4.RELEASE/spring-aop-5.2.4.RELEASE.jar:/Users/songt/DKMS/Box/Maven/org/springframework/spring-context/5.2.4.RELEASE/spring-context-5.2.4.RELEASE.jar:/Users/songt/DKMS/Box/Maven/org/springframework/spring-expression/5.2.4.RELEASE/spring-expression-5.2.4.RELEASE.jar:/Users/songt/DKMS/Box/Maven/org/springframework/boot/spring-boot-starter-test/2.2.5.RELEASE/spring-boot-starter-test-2.2.5.RELEASE.jar:/Users/songt/DKMS/Box/Maven/org/springframework/boot/spring-boot-test/2.2.5.RELEASE/spring-boot-test-2.2.5.RELEASE.jar:/Users/songt/DKMS/Box/Maven/org/springframework/boot/spring-boot-test-autoconfigure/2.2.5.RELEASE/spring-boot-test-autoconfigure-2.2.5.RELEASE.jar:/Users/songt/DKMS/Box/Maven/com/jayway/jsonpath/json-path/2.4.0/json-path-2.4.0.jar:/Users/songt/DKMS/Box/Maven/net/minidev/json-smart/2.3/json-smart-2.3.jar:/Users/songt/DKMS/Box/Maven/net/minidev/accessors-smart/1.2/accessors-smart-1.2.jar:/Users/songt/DKMS/Box/Maven/org/ow2/asm/asm/5.0.4/asm-5.0.4.jar:/Users/songt/DKMS/Box/Maven/org/slf4j/slf4j-api/1.7.30/slf4j-api-1.7.30.jar:/Users/songt/DKMS/Box/Maven/jakarta/xml/bind/jakarta.xml.bind-api/2.3.2/jakarta.xml.bind-api-2.3.2.jar:/Users/songt/DKMS/Box/Maven/jakarta/activation/jakarta.activation-api/1.2.2/jakarta.activation-api-1.2.2.jar:/Users/songt/DKMS/Box/Maven/org/junit/jupiter/junit-jupiter/5.5.2/junit-jupiter-5.5.2.jar:/Users/songt/DKMS/Box/Maven/org/junit/jupiter/junit-jupiter-api/5.5.2/junit-jupiter-api-5.5.2.jar:/Users/songt/DKMS/Box/Maven/org/apiguardian/apiguardian-api/1.1.0/apiguardian-api-1.1.0.jar:/Users/songt/DKMS/Box/Maven/org/opentest4j/opentest4j/1.2.0/opentest4j-1.2.0.jar:/Users/songt/DKMS/Box/Maven/org/junit/platform/junit-platform-commons/1.5.2/junit-platform-commons-1.5.2.jar:/Users/songt/DKMS/Box/Maven/org/junit/jupiter/junit-jupiter-params/5.5.2/junit-jupiter-params-5.5.2.jar:/Users/songt/DKMS/Box/Maven/org/junit/jupiter/junit-jupiter-engine/5.5.2/junit-jupiter-engine-5.5.2.jar:/Users/songt/DKMS/Box/Maven/org/junit/platform/junit-platform-engine/1.5.2/junit-platform-engine-1.5.2.jar:/Users/songt/DKMS/Box/Maven/org/mockito/mockito-junit-jupiter/3.1.0/mockito-junit-jupiter-3.1.0.jar:/Users/songt/DKMS/Box/Maven/org/assertj/assertj-core/3.13.2/assertj-core-3.13.2.jar:/Users/songt/DKMS/Box/Maven/org/hamcrest/hamcrest/2.1/hamcrest-2.1.jar:/Users/songt/DKMS/Box/Maven/org/mockito/mockito-core/3.1.0/mockito-core-3.1.0.jar:/Users/songt/DKMS/Box/Maven/net/bytebuddy/byte-buddy/1.10.8/byte-buddy-1.10.8.jar:/Users/songt/DKMS/Box/Maven/net/bytebuddy/byte-buddy-agent/1.10.8/byte-buddy-agent-1.10.8.jar:/Users/songt/DKMS/Box/Maven/org/objenesis/objenesis/2.6/objenesis-2.6.jar:/Users/songt/DKMS/Box/Maven/org/skyscreamer/jsonassert/1.5.0/jsonassert-1.5.0.jar:/Users/songt/DKMS/Box/Maven/com/vaadin/external/google/android-json/0.0.20131108.vaadin1/android-json-0.0.20131108.vaadin1.jar:/Users/songt/DKMS/Box/Maven/org/springframework/spring-core/5.2.4.RELEASE/spring-core-5.2.4.RELEASE.jar:/Users/songt/DKMS/Box/Maven/org/springframework/spring-jcl/5.2.4.RELEASE/spring-jcl-5.2.4.RELEASE.jar:/Users/songt/DKMS/Box/Maven/org/springframework/spring-test/5.2.4.RELEASE/spring-test-5.2.4.RELEASE.jar:/Users/songt/DKMS/Box/Maven/org/xmlunit/xmlunit-core/2.6.3/xmlunit-core-2.6.3.jar:"/>
    <property name="sun.cpu.endian" value="little"/>
    <property name="user.home" value="/Users/songt"/>
    <property name="user.language" value="en"/>
    <property name="java.specification.vendor" value="Oracle Corporation"/>
    <property name="java.version.date" value="2019-10-15"/>
    <property name="java.home" value="/Users/songt/DKMS/Java/jdk-13.0.1.jdk/Contents/Home"/>
    <property name="file.separator" value="/"/>
    <property name="basedir" value="/Users/songt/Desktop/dockerTrial/testrepo"/>
    <property name="java.vm.compressedOopsMode" value="Zero based"/>
    <property name="line.separator" value="&#10;"/>
    <property name="java.specification.name" value="Java Platform API Specification"/>
    <property name="java.vm.specification.vendor" value="Oracle Corporation"/>
    <property name="surefire.real.class.path" value="/Users/songt/Desktop/dockerTrial/testrepo/target/surefire/surefirebooter6121840372553491202.jar"/>
    <property name="sun.management.compiler" value="HotSpot 64-Bit Tiered Compilers"/>
    <property name="ftp.nonProxyHosts" value="local|*.local|169.254/16|*.169.254/16|global.anz.com|*.global.anz.com|service.anz|*.service.anz|service.dev|*.service.dev|apps.anz|*.apps.anz|dev.anz|*.dev.anz|globaltest.anz.com|*.globaltest.anz.com|service.test|*.service.test"/>
    <property name="java.runtime.version" value="13.0.1+9"/>
    <property name="user.name" value="songt"/>
    <property name="path.separator" value=":"/>
    <property name="os.version" value="10.14.6"/>
    <property name="java.runtime.name" value="OpenJDK Runtime Environment"/>
    <property name="file.encoding" value="UTF-8"/>
    <property name="java.vm.name" value="OpenJDK 64-Bit Server VM"/>
    <property name="localRepository" value="/Users/songt/DKMS/Box/Maven"/>
    <property name="java.vendor.url.bug" value="https://bugreport.java.com/bugreport/"/>
    <property name="java.io.tmpdir" value="/var/folders/nq/4g81_8yj2qs7f6zwdxsft9bc0000gn/T/"/>
    <property name="java.version" value="13.0.1"/>
    <property name="user.dir" value="/Users/songt/Desktop/dockerTrial/testrepo"/>
    <property name="os.arch" value="x86_64"/>
    <property name="java.vm.specification.name" value="Java Virtual Machine Specification"/>
    <property name="java.library.path" value="/Users/songt/Library/Java/Extensions:/Library/Java/Extensions:/Network/Library/Java/Extensions:/System/Library/Java/Extensions:/usr/lib/java:."/>
    <property name="java.vm.info" value="mixed mode, sharing"/>
    <property name="java.vendor" value="Oracle Corporation"/>
    <property name="java.vm.version" value="13.0.1+9"/>
    <property name="sun.io.unicode.encoding" value="UnicodeBig"/>
    <property name="socksNonProxyHosts" value="local|*.local|169.254/16|*.169.254/16|global.anz.com|*.global.anz.com|service.anz|*.service.anz|service.dev|*.service.dev|apps.anz|*.apps.anz|dev.anz|*.dev.anz|globaltest.anz.com|*.globaltest.anz.com|service.test|*.service.test"/>
    <property name="java.class.version" value="57.0"/>
  </properties>
  <testcase name="contextLoads" classname="com.test.testrepo.DemoApplicationTests" time="0.325"/>
</testsuite>